# JRE version: OpenJDK Runtime Environment (8.0_292-b10) (build 1.8.0_292-8u292-b10-0ubuntu1~16.04.1-b10)
# Java VM: OpenJDK Server VM (25.292-b10 mixed mode linux-x86 )
Heap:
 def new generation   total 29952K, used 1875K [0x87c00000, 0x89c70000, 0x92400000)
  eden space 26688K,   5% used [0x87c00000, 0x87d5c1d0, 0x89610000)
  from space 3264K,  14% used [0x89940000, 0x899b8ae8, 0x89c70000)
  to   space 3264K,   0% used [0x89610000, 0x89610000, 0x89940000)
 tenured generation   total 66412K, used 59377K [0x92400000, 0x964db000, 0xa7400000)
   the space 66412K,  89% used [0x92400000, 0x95dfc7e8, 0x95dfc800, 0x964db000)
 Metaspace       used 15464K, capacity 15852K, committed 15896K, reserved 16688K
GC Heap History (10 events):
Event: 38.209 GC heap before
{Heap before GC invocations=29 (full 0):
 def new generation   total 9792K, used 9214K [0x87c00000, 0x886a0000, 0x92400000)
  eden space 8704K,  97% used [0x87c00000, 0x88442e80, 0x88480000)
  from space 1088K,  69% used [0x88590000, 0x8864cbd0, 0x886a0000)
  to   space 1088K,   0% used [0x88480000, 0x88480000, 0x88590000)
 tenured generation   total 21888K, used 12675K [0x92400000, 0x93960000, 0xa7400000)
   the space 21888K,  57% used [0x92400000, 0x93060cc0, 0x93060e00, 0x93960000)
 Metaspace       used 15270K, capacity 15648K, committed 15768K, reserved 16688K
Event: 38.751 GC heap after
Heap after GC invocations=30 (full 1):
 def new generation   total 9920K, used 0K [0x87c00000, 0x886c0000, 0x92400000)
  eden space 8832K,   0% used [0x87c00000, 0x87c00000, 0x884a0000)
  from space 1088K,   0% used [0x884a0000, 0x884a0000, 0x885b0000)
  to   space 1088K,   0% used [0x885b0000, 0x885b0000, 0x886c0000)
 tenured generation   total 21888K, used 11092K [0x92400000, 0x93960000, 0xa7400000)
   the space 21888K,  50% used [0x92400000, 0x92ed50e0, 0x92ed5200, 0x93960000)
 Metaspace       used 15270K, capacity 15648K, committed 15768K, reserved 16688K
}
Event: 38.836 GC heap before
{Heap before GC invocations=30 (full 1):
 def new generation   total 9920K, used 167K [0x87c00000, 0x886c0000, 0x92400000)
  eden space 8832K,   1% used [0x87c00000, 0x87c29cc0, 0x884a0000)
  from space 1088K,   0% used [0x884a0000, 0x884a0000, 0x885b0000)
  to   space 1088K,   0% used [0x885b0000, 0x885b0000, 0x886c0000)
 tenured generation   total 21888K, used 20857K [0x92400000, 0x93960000, 0xa7400000)
   the space 21888K,  95% used [0x92400000, 0x9385e770, 0x9385e800, 0x93960000)
 Metaspace       used 15275K, capacity 15648K, committed 15768K, reserved 16688K
Event: 39.142 GC heap after
Heap after GC invocations=31 (full 2):
 def new generation   total 15296K, used 0K [0x87c00000, 0x88c90000, 0x92400000)
  eden space 13632K,   0% used [0x87c00000, 0x87c00000, 0x88950000)
  from space 1664K,   0% used [0x88950000, 0x88950000, 0x88af0000)
  to   space 1664K,   0% used [0x88af0000, 0x88af0000, 0x88c90000)
 tenured generation   total 33832K, used 20298K [0x92400000, 0x9450a000, 0xa7400000)
   the space 33832K,  59% used [0x92400000, 0x937d2a08, 0x937d2c00, 0x9450a000)
 Metaspace       used 15275K, capacity 15648K, committed 15768K, reserved 16688K
}
Event: 39.144 GC heap before
{Heap before GC invocations=31 (full 2):
 def new generation   total 15296K, used 10023K [0x87c00000, 0x88c90000, 0x92400000)
  eden space 13632K,  73% used [0x87c00000, 0x885c9ea0, 0x88950000)
  from space 1664K,   0% used [0x88950000, 0x88950000, 0x88af0000)
  to   space 1664K,   0% used [0x88af0000, 0x88af0000, 0x88c90000)
 tenured generation   total 33832K, used 20298K [0x92400000, 0x9450a000, 0xa7400000)
   the space 33832K,  59% used [0x92400000, 0x937d2a08, 0x937d2c00, 0x9450a000)
 Metaspace       used 15275K, capacity 15648K, committed 15768K, reserved 16688K
Event: 39.173 GC heap after
Heap after GC invocations=32 (full 2):
 def new generation   total 15296K, used 8K [0x87c00000, 0x88c90000, 0x92400000)
  eden space 13632K,   0% used [0x87c00000, 0x87c00000, 0x88950000)
  from space 1664K,   0% used [0x88af0000, 0x88af21d0, 0x88c90000)
  to   space 1664K,   0% used [0x88950000, 0x88950000, 0x88af0000)
 tenured generation   total 33832K, used 30064K [0x92400000, 0x9450a000, 0xa7400000)
   the space 33832K,  88% used [0x92400000, 0x9415c098, 0x9415c200, 0x9450a000)
 Metaspace       used 15275K, capacity 15648K, committed 15768K, reserved 16688K
}
Event: 39.184 GC heap before
{Heap before GC invocations=32 (full 2):
 def new generation   total 15296K, used 10035K [0x87c00000, 0x88c90000, 0x92400000)
  eden space 13632K,  73% used [0x87c00000, 0x885caba8, 0x88950000)
  from space 1664K,   0% used [0x88af0000, 0x88af21d0, 0x88c90000)
  to   space 1664K,   0% used [0x88950000, 0x88950000, 0x88af0000)
 tenured generation   total 33832K, used 30064K [0x92400000, 0x9450a000, 0xa7400000)
   the space 33832K,  88% used [0x92400000, 0x9415c098, 0x9415c200, 0x9450a000)
 Metaspace       used 15275K, capacity 15648K, committed 15768K, reserved 16688K
Event: 39.445 GC heap after
Heap after GC invocations=33 (full 3):
 def new generation   total 29952K, used 0K [0x87c00000, 0x89c70000, 0x92400000)
  eden space 26688K,   0% used [0x87c00000, 0x87c00000, 0x89610000)
  from space 3264K,   0% used [0x89610000, 0x89610000, 0x89940000)
  to   space 3264K,   0% used [0x89940000, 0x89940000, 0x89c70000)
 tenured generation   total 66412K, used 39846K [0x92400000, 0x964db000, 0xa7400000)
   the space 66412K,  59% used [0x92400000, 0x94ae9ac8, 0x94ae9c00, 0x964db000)
 Metaspace       used 15275K, capacity 15648K, committed 15768K, reserved 16688K
}
Event: 40.896 GC heap before
{Heap before GC invocations=33 (full 3):
 def new generation   total 29952K, used 26688K [0x87c00000, 0x89c70000, 0x92400000)
  eden space 26688K, 100% used [0x87c00000, 0x89610000, 0x89610000)
  from space 3264K,   0% used [0x89610000, 0x89610000, 0x89940000)
  to   space 3264K,   0% used [0x89940000, 0x89940000, 0x89c70000)
 tenured generation   total 66412K, used 39846K [0x92400000, 0x964db000, 0xa7400000)
   the space 66412K,  59% used [0x92400000, 0x94ae9ac8, 0x94ae9c00, 0x964db000)
 Metaspace       used 15446K, capacity 15848K, committed 15896K, reserved 16688K
Event: 41.114 GC heap after
Heap after GC invocations=34 (full 3):
 def new generation   total 29952K, used 482K [0x87c00000, 0x89c70000, 0x92400000)
  eden space 26688K,   0% used [0x87c00000, 0x87c00000, 0x89610000)
  from space 3264K,  14% used [0x89940000, 0x899b8ae8, 0x89c70000)
  to   space 3264K,   0% used [0x89610000, 0x89610000, 0x89940000)
 tenured generation   total 66412K, used 59377K [0x92400000, 0x964db000, 0xa7400000)
   the space 66412K,  89% used [0x92400000, 0x95dfc7e8, 0x95dfc800, 0x964db000)
 Metaspace       used 15446K, capacity 15848K, committed 15896K, reserved 16688K
}

