# JRE version: OpenJDK Runtime Environment (8.0_292-b10) (build 1.8.0_292-8u292-b10-0ubuntu1~16.04.1-b10)
# Java VM: OpenJDK Server VM (25.292-b10 mixed mode linux-x86 )
Heap:
 def new generation   total 9920K, used 4836K [0x87c00000, 0x886c0000, 0x92400000)
  eden space 8832K,  54% used [0x87c00000, 0x880b4bd8, 0x884a0000)
  from space 1088K,   1% used [0x884a0000, 0x884a4800, 0x885b0000)
  to   space 1088K,   0% used [0x885b0000, 0x885b0000, 0x886c0000)
 tenured generation   total 21888K, used 13759K [0x92400000, 0x93960000, 0xa7400000)
   the space 21888K,  62% used [0x92400000, 0x9316fe30, 0x93170000, 0x93960000)
 Metaspace       used 18283K, capacity 18599K, committed 18688K, reserved 18736K
GC Heap History (10 events):
Event: 4601.944 GC heap before
{Heap before GC invocations=31 (full 1):
 def new generation   total 9920K, used 8848K [0x87c00000, 0x886c0000, 0x92400000)
  eden space 8832K, 100% used [0x87c00000, 0x884a0000, 0x884a0000)
  from space 1088K,   1% used [0x885b0000, 0x885b4038, 0x886c0000)
  to   space 1088K,   0% used [0x884a0000, 0x884a0000, 0x885b0000)
 tenured generation   total 21888K, used 13759K [0x92400000, 0x93960000, 0xa7400000)
   the space 21888K,  62% used [0x92400000, 0x9316fe30, 0x93170000, 0x93960000)
 Metaspace       used 18255K, capacity 18567K, committed 18688K, reserved 18736K
Event: 4601.979 GC heap after
Heap after GC invocations=32 (full 1):
 def new generation   total 9920K, used 16K [0x87c00000, 0x886c0000, 0x92400000)
  eden space 8832K,   0% used [0x87c00000, 0x87c00000, 0x884a0000)
  from space 1088K,   1% used [0x884a0000, 0x884a4090, 0x885b0000)
  to   space 1088K,   0% used [0x885b0000, 0x885b0000, 0x886c0000)
 tenured generation   total 21888K, used 13759K [0x92400000, 0x93960000, 0xa7400000)
   the space 21888K,  62% used [0x92400000, 0x9316fe30, 0x93170000, 0x93960000)
 Metaspace       used 18255K, capacity 18567K, committed 18688K, reserved 18736K
}
Event: 5803.144 GC heap before
{Heap before GC invocations=32 (full 1):
 def new generation   total 9920K, used 8848K [0x87c00000, 0x886c0000, 0x92400000)
  eden space 8832K, 100% used [0x87c00000, 0x884a0000, 0x884a0000)
  from space 1088K,   1% used [0x884a0000, 0x884a4090, 0x885b0000)
  to   space 1088K,   0% used [0x885b0000, 0x885b0000, 0x886c0000)
 tenured generation   total 21888K, used 13759K [0x92400000, 0x93960000, 0xa7400000)
   the space 21888K,  62% used [0x92400000, 0x9316fe30, 0x93170000, 0x93960000)
 Metaspace       used 18256K, capacity 18567K, committed 18688K, reserved 18736K
Event: 5803.157 GC heap after
Heap after GC invocations=33 (full 1):
 def new generation   total 9920K, used 16K [0x87c00000, 0x886c0000, 0x92400000)
  eden space 8832K,   0% used [0x87c00000, 0x87c00000, 0x884a0000)
  from space 1088K,   1% used [0x885b0000, 0x885b41b8, 0x886c0000)
  to   space 1088K,   0% used [0x884a0000, 0x884a0000, 0x885b0000)
 tenured generation   total 21888K, used 13759K [0x92400000, 0x93960000, 0xa7400000)
   the space 21888K,  62% used [0x92400000, 0x9316fe30, 0x93170000, 0x93960000)
 Metaspace       used 18256K, capacity 18567K, committed 18688K, reserved 18736K
}
Event: 6783.067 GC heap before
{Heap before GC invocations=33 (full 1):
 def new generation   total 9920K, used 8848K [0x87c00000, 0x886c0000, 0x92400000)
  eden space 8832K, 100% used [0x87c00000, 0x884a0000, 0x884a0000)
  from space 1088K,   1% used [0x885b0000, 0x885b41b8, 0x886c0000)
  to   space 1088K,   0% used [0x884a0000, 0x884a0000, 0x885b0000)
 tenured generation   total 21888K, used 13759K [0x92400000, 0x93960000, 0xa7400000)
   the space 21888K,  62% used [0x92400000, 0x9316fe30, 0x93170000, 0x93960000)
 Metaspace       used 18256K, capacity 18567K, committed 18688K, reserved 18736K
Event: 6783.075 GC heap after
Heap after GC invocations=34 (full 1):
 def new generation   total 9920K, used 16K [0x87c00000, 0x886c0000, 0x92400000)
  eden space 8832K,   0% used [0x87c00000, 0x87c00000, 0x884a0000)
  from space 1088K,   1% used [0x884a0000, 0x884a43b0, 0x885b0000)
  to   space 1088K,   0% used [0x885b0000, 0x885b0000, 0x886c0000)
 tenured generation   total 21888K, used 13759K [0x92400000, 0x93960000, 0xa7400000)
   the space 21888K,  62% used [0x92400000, 0x9316fe30, 0x93170000, 0x93960000)
 Metaspace       used 18256K, capacity 18567K, committed 18688K, reserved 18736K
}
Event: 7763.844 GC heap before
{Heap before GC invocations=34 (full 1):
 def new generation   total 9920K, used 8848K [0x87c00000, 0x886c0000, 0x92400000)
  eden space 8832K, 100% used [0x87c00000, 0x884a0000, 0x884a0000)
  from space 1088K,   1% used [0x884a0000, 0x884a43b0, 0x885b0000)
  to   space 1088K,   0% used [0x885b0000, 0x885b0000, 0x886c0000)
 tenured generation   total 21888K, used 13759K [0x92400000, 0x93960000, 0xa7400000)
   the space 21888K,  62% used [0x92400000, 0x9316fe30, 0x93170000, 0x93960000)
 Metaspace       used 18262K, capacity 18599K, committed 18688K, reserved 18736K
Event: 7763.851 GC heap after
Heap after GC invocations=35 (full 1):
 def new generation   total 9920K, used 18K [0x87c00000, 0x886c0000, 0x92400000)
  eden space 8832K,   0% used [0x87c00000, 0x87c00000, 0x884a0000)
  from space 1088K,   1% used [0x885b0000, 0x885b4870, 0x886c0000)
  to   space 1088K,   0% used [0x884a0000, 0x884a0000, 0x885b0000)
 tenured generation   total 21888K, used 13759K [0x92400000, 0x93960000, 0xa7400000)
   the space 21888K,  62% used [0x92400000, 0x9316fe30, 0x93170000, 0x93960000)
 Metaspace       used 18262K, capacity 18599K, committed 18688K, reserved 18736K
}
Event: 8735.763 GC heap before
{Heap before GC invocations=35 (full 1):
 def new generation   total 9920K, used 8850K [0x87c00000, 0x886c0000, 0x92400000)
  eden space 8832K, 100% used [0x87c00000, 0x884a0000, 0x884a0000)
  from space 1088K,   1% used [0x885b0000, 0x885b4870, 0x886c0000)
  to   space 1088K,   0% used [0x884a0000, 0x884a0000, 0x885b0000)
 tenured generation   total 21888K, used 13759K [0x92400000, 0x93960000, 0xa7400000)
   the space 21888K,  62% used [0x92400000, 0x9316fe30, 0x93170000, 0x93960000)
 Metaspace       used 18281K, capacity 18599K, committed 18688K, reserved 18736K
Event: 8735.785 GC heap after
Heap after GC invocations=36 (full 1):
 def new generation   total 9920K, used 18K [0x87c00000, 0x886c0000, 0x92400000)
  eden space 8832K,   0% used [0x87c00000, 0x87c00000, 0x884a0000)
  from space 1088K,   1% used [0x884a0000, 0x884a4800, 0x885b0000)
  to   space 1088K,   0% used [0x885b0000, 0x885b0000, 0x886c0000)
 tenured generation   total 21888K, used 13759K [0x92400000, 0x93960000, 0xa7400000)
   the space 21888K,  62% used [0x92400000, 0x9316fe30, 0x93170000, 0x93960000)
 Metaspace       used 18281K, capacity 18599K, committed 18688K, reserved 18736K
}

