# JRE version: OpenJDK Runtime Environment (8.0_292-b10) (build 1.8.0_292-8u292-b10-0ubuntu1~16.04.1-b10)
# Java VM: OpenJDK Server VM (25.292-b10 mixed mode linux-x86 )
Heap:
 def new generation   total 9920K, used 5213K [0x87c00000, 0x886c0000, 0x92400000)
  eden space 8832K,  46% used [0x87c00000, 0x880074d0, 0x884a0000)
  from space 1088K, 100% used [0x885b0000, 0x886c0000, 0x886c0000)
  to   space 1088K,   0% used [0x884a0000, 0x884a0000, 0x885b0000)
 tenured generation   total 21888K, used 12448K [0x92400000, 0x93960000, 0xa7400000)
   the space 21888K,  56% used [0x92400000, 0x930283b0, 0x93028400, 0x93960000)
 Metaspace       used 18121K, capacity 18407K, committed 18560K, reserved 18736K
GC Heap History (10 events):
Event: 2.876 GC heap before
{Heap before GC invocations=22 (full 0):
 def new generation   total 9792K, used 8134K [0x87c00000, 0x886a0000, 0x92400000)
  eden space 8704K,  92% used [0x87c00000, 0x883d6798, 0x88480000)
  from space 1088K,  10% used [0x88480000, 0x8849b370, 0x88590000)
  to   space 1088K,   0% used [0x88590000, 0x88590000, 0x886a0000)
 tenured generation   total 21888K, used 9765K [0x92400000, 0x93960000, 0xa7400000)
   the space 21888K,  44% used [0x92400000, 0x92d89498, 0x92d89600, 0x93960000)
 Metaspace       used 13916K, capacity 14172K, committed 14232K, reserved 14640K
Event: 2.881 GC heap after
Heap after GC invocations=23 (full 0):
 def new generation   total 9792K, used 1087K [0x87c00000, 0x886a0000, 0x92400000)
  eden space 8704K,   0% used [0x87c00000, 0x87c00000, 0x88480000)
  from space 1088K,  99% used [0x88590000, 0x8869fff8, 0x886a0000)
  to   space 1088K,   0% used [0x88480000, 0x88480000, 0x88590000)
 tenured generation   total 21888K, used 11901K [0x92400000, 0x93960000, 0xa7400000)
   the space 21888K,  54% used [0x92400000, 0x92f9f4d0, 0x92f9f600, 0x93960000)
 Metaspace       used 13916K, capacity 14172K, committed 14232K, reserved 14640K
}
Event: 3.003 GC heap before
{Heap before GC invocations=23 (full 0):
 def new generation   total 9792K, used 9791K [0x87c00000, 0x886a0000, 0x92400000)
  eden space 8704K, 100% used [0x87c00000, 0x88480000, 0x88480000)
  from space 1088K,  99% used [0x88590000, 0x8869fff8, 0x886a0000)
  to   space 1088K,   0% used [0x88480000, 0x88480000, 0x88590000)
 tenured generation   total 21888K, used 11901K [0x92400000, 0x93960000, 0xa7400000)
   the space 21888K,  54% used [0x92400000, 0x92f9f4d0, 0x92f9f600, 0x93960000)
 Metaspace       used 14740K, capacity 15004K, committed 15128K, reserved 15664K
Event: 3.006 GC heap after
Heap after GC invocations=24 (full 0):
 def new generation   total 9792K, used 1088K [0x87c00000, 0x886a0000, 0x92400000)
  eden space 8704K,   0% used [0x87c00000, 0x87c00000, 0x88480000)
  from space 1088K, 100% used [0x88480000, 0x88590000, 0x88590000)
  to   space 1088K,   0% used [0x88590000, 0x88590000, 0x886a0000)
 tenured generation   total 21888K, used 13747K [0x92400000, 0x93960000, 0xa7400000)
   the space 21888K,  62% used [0x92400000, 0x9316ceb8, 0x9316d000, 0x93960000)
 Metaspace       used 14740K, capacity 15004K, committed 15128K, reserved 15664K
}
Event: 3.148 GC heap before
{Heap before GC invocations=24 (full 0):
 def new generation   total 9792K, used 9792K [0x87c00000, 0x886a0000, 0x92400000)
  eden space 8704K, 100% used [0x87c00000, 0x88480000, 0x88480000)
  from space 1088K, 100% used [0x88480000, 0x88590000, 0x88590000)
  to   space 1088K,   0% used [0x88590000, 0x88590000, 0x886a0000)
 tenured generation   total 21888K, used 13747K [0x92400000, 0x93960000, 0xa7400000)
   the space 21888K,  62% used [0x92400000, 0x9316ceb8, 0x9316d000, 0x93960000)
 Metaspace       used 16080K, capacity 16353K, committed 16384K, reserved 16688K
Event: 3.151 GC heap after
Heap after GC invocations=25 (full 0):
 def new generation   total 9792K, used 1088K [0x87c00000, 0x886a0000, 0x92400000)
  eden space 8704K,   0% used [0x87c00000, 0x87c00000, 0x88480000)
  from space 1088K, 100% used [0x88590000, 0x886a0000, 0x886a0000)
  to   space 1088K,   0% used [0x88480000, 0x88480000, 0x88590000)
 tenured generation   total 21888K, used 14595K [0x92400000, 0x93960000, 0xa7400000)
   the space 21888K,  66% used [0x92400000, 0x93240fc8, 0x93241000, 0x93960000)
 Metaspace       used 16080K, capacity 16353K, committed 16384K, reserved 16688K
}
Event: 3.159 GC heap before
{Heap before GC invocations=25 (full 0):
 def new generation   total 9792K, used 1768K [0x87c00000, 0x886a0000, 0x92400000)
  eden space 8704K,   7% used [0x87c00000, 0x87caa1e0, 0x88480000)
  from space 1088K, 100% used [0x88590000, 0x886a0000, 0x886a0000)
  to   space 1088K,   0% used [0x88480000, 0x88480000, 0x88590000)
 tenured generation   total 21888K, used 14595K [0x92400000, 0x93960000, 0xa7400000)
   the space 21888K,  66% used [0x92400000, 0x93240fc8, 0x93241000, 0x93960000)
 Metaspace       used 16134K, capacity 16361K, committed 16384K, reserved 16688K
Event: 3.189 GC heap after
Heap after GC invocations=26 (full 1):
 def new generation   total 9920K, used 0K [0x87c00000, 0x886c0000, 0x92400000)
  eden space 8832K,   0% used [0x87c00000, 0x87c00000, 0x884a0000)
  from space 1088K,   0% used [0x884a0000, 0x884a0000, 0x885b0000)
  to   space 1088K,   0% used [0x885b0000, 0x885b0000, 0x886c0000)
 tenured generation   total 21888K, used 12144K [0x92400000, 0x93960000, 0xa7400000)
   the space 21888K,  55% used [0x92400000, 0x92fdc0f8, 0x92fdc200, 0x93960000)
 Metaspace       used 16133K, capacity 16358K, committed 16384K, reserved 16688K
}
Event: 62.998 GC heap before
{Heap before GC invocations=26 (full 1):
 def new generation   total 9920K, used 8832K [0x87c00000, 0x886c0000, 0x92400000)
  eden space 8832K, 100% used [0x87c00000, 0x884a0000, 0x884a0000)
  from space 1088K,   0% used [0x884a0000, 0x884a0000, 0x885b0000)
  to   space 1088K,   0% used [0x885b0000, 0x885b0000, 0x886c0000)
 tenured generation   total 21888K, used 12144K [0x92400000, 0x93960000, 0xa7400000)
   the space 21888K,  55% used [0x92400000, 0x92fdc0f8, 0x92fdc200, 0x93960000)
 Metaspace       used 17465K, capacity 17722K, committed 17792K, reserved 18736K
Event: 63.002 GC heap after
Heap after GC invocations=27 (full 1):
 def new generation   total 9920K, used 1088K [0x87c00000, 0x886c0000, 0x92400000)
  eden space 8832K,   0% used [0x87c00000, 0x87c00000, 0x884a0000)
  from space 1088K, 100% used [0x885b0000, 0x886c0000, 0x886c0000)
  to   space 1088K,   0% used [0x884a0000, 0x884a0000, 0x885b0000)
 tenured generation   total 21888K, used 12448K [0x92400000, 0x93960000, 0xa7400000)
   the space 21888K,  56% used [0x92400000, 0x930283b0, 0x93028400, 0x93960000)
 Metaspace       used 17465K, capacity 17722K, committed 17792K, reserved 18736K
}

